2021-07-17 19:24:53.156 | INFO     | __main__:serve:58 - 启动服务：127.0.0.1:8091
2021-07-17 19:24:56.911 | ERROR    | grpc._server:_call_behavior:444 - An error has been caught in function '_call_behavior', process 'MainProcess' (38716), thread 'ThreadPoolExecutor-0_0' (123145590890496):
Traceback (most recent call last):

  File "/Users/jianxiyan/anaconda3/envs/mxshop_srvs/lib/python3.8/threading.py", line 890, in _bootstrap
    self._bootstrap_inner()
    │    └ <function Thread._bootstrap_inner at 0x1044780d0>
    └ <Thread(ThreadPoolExecutor-0_0, started daemon 123145590890496)>
  File "/Users/jianxiyan/anaconda3/envs/mxshop_srvs/lib/python3.8/threading.py", line 932, in _bootstrap_inner
    self.run()
    │    └ <function Thread.run at 0x104475dc0>
    └ <Thread(ThreadPoolExecutor-0_0, started daemon 123145590890496)>
  File "/Users/jianxiyan/anaconda3/envs/mxshop_srvs/lib/python3.8/threading.py", line 870, in run
    self._target(*self._args, **self._kwargs)
    │    │        │    │        │    └ {}
    │    │        │    │        └ <Thread(ThreadPoolExecutor-0_0, started daemon 123145590890496)>
    │    │        │    └ (<weakref at 0x1061f09a0; to 'ThreadPoolExecutor' at 0x1061a9310>, <_queue.SimpleQueue object at 0x1061a73b0>, None, ())
    │    │        └ <Thread(ThreadPoolExecutor-0_0, started daemon 123145590890496)>
    │    └ <function _worker at 0x1061bcaf0>
    └ <Thread(ThreadPoolExecutor-0_0, started daemon 123145590890496)>
  File "/Users/jianxiyan/anaconda3/envs/mxshop_srvs/lib/python3.8/concurrent/futures/thread.py", line 80, in _worker
    work_item.run()
    │         └ <function _WorkItem.run at 0x1061bcc10>
    └ <concurrent.futures.thread._WorkItem object at 0x1061f90d0>
  File "/Users/jianxiyan/anaconda3/envs/mxshop_srvs/lib/python3.8/concurrent/futures/thread.py", line 57, in run
    result = self.fn(*self.args, **self.kwargs)
             │    │   │    │       │    └ {}
             │    │   │    │       └ <concurrent.futures.thread._WorkItem object at 0x1061f90d0>
             │    │   │    └ [<grpc._cython.cygrpc.RequestCallEvent object at 0x1061f0400>, <grpc._server._RPCState object at 0x1061e9eb0>, <bound method ...
             │    │   └ <concurrent.futures.thread._WorkItem object at 0x1061f90d0>
             │    └ <function _unary_response_in_pool at 0x1061e7280>
             └ <concurrent.futures.thread._WorkItem object at 0x1061f90d0>
  File "/Users/jianxiyan/anaconda3/envs/mxshop_srvs/lib/python3.8/site-packages/grpc/_server.py", line 561, in _unary_response_in_pool
    response, proceed = _call_behavior(rpc_event, state, behavior,
                        │              │          │      └ <bound method UserServicer.GetUserList of <user_srv.handler.user.UserServicer object at 0x1061c5100>>
                        │              │          └ <grpc._server._RPCState object at 0x1061e9eb0>
                        │              └ <grpc._cython.cygrpc.RequestCallEvent object at 0x1061f0400>
                        └ <function _call_behavior at 0x1061e0e50>
> File "/Users/jianxiyan/anaconda3/envs/mxshop_srvs/lib/python3.8/site-packages/grpc/_server.py", line 444, in _call_behavior
    response_or_iterator = behavior(argument, context)
                           │        │         └ <grpc._server._Context object at 0x1061f9520>
                           │        └ pn: 2
                           │          pSize: 2
                           │          
                           └ <bound method UserServicer.GetUserList of <user_srv.handler.user.UserServicer object at 0x1061c5100>>

  File "/Users/jianxiyan/home/练习/go_python/mxshop/mxshop_srvs/user_srv/handler/user.py", line 40, in GetUserList
    if request.pSzie:
       └ pn: 2
         pSize: 2

AttributeError: pSzie
